<?xml version="1.0" encoding="UTF-8"?>
<testsuite name="hello.TestGreeter" tests="2" skipped="0" failures="0" errors="0" timestamp="2017-04-22T19:59:38" hostname="DESKTOP-6FPM597" time="0.0">
  <properties/>
  <testcase name="testGreeter" classname="hello.TestGreeter" time="0.0"/>
  <testcase name="testGreeterEmpty" classname="hello.TestGreeter" time="0.0"/>
  <system-out><![CDATA[]]></system-out>
  <system-err><![CDATA[]]></system-err>
</testsuite>
