<?xml version="1.0" encoding="UTF-8"?>
<testsuite name="extraCredit.TestPower" tests="4" skipped="0" failures="0" errors="0" timestamp="2017-05-09T18:31:03" hostname="Lauras-MacBook-Air.local" time="0.001">
  <properties/>
  <testcase name="testNumberEmpty" classname="extraCredit.TestPower" time="0.001"/>
  <testcase name="testPower1" classname="extraCredit.TestPower" time="0.0"/>
  <testcase name="testPower2" classname="extraCredit.TestPower" time="0.0"/>
  <testcase name="testPower3" classname="extraCredit.TestPower" time="0.0"/>
  <system-out><![CDATA[]]></system-out>
  <system-err><![CDATA[]]></system-err>
</testsuite>
