<?xml version="1.0" encoding="UTF-8"?>
<testsuite name="hello.TestSum" tests="2" skipped="0" failures="0" errors="0" timestamp="2017-05-11T04:41:28" hostname="DESKTOP-6FPM597" time="0.0">
  <properties/>
  <testcase name="testSum" classname="hello.TestSum" time="0.0"/>
  <testcase name="testSumEmpty" classname="hello.TestSum" time="0.0"/>
  <system-out><![CDATA[]]></system-out>
  <system-err><![CDATA[]]></system-err>
</testsuite>
